<?xml version="1.0" encoding="utf-8" standalone="no"?>
<!--This file represents the results of running a test suite-->
<test-results name="C:\C++\TestBuyincoins\TestBuyincoins\bin\Debug\TestBuyincoins.dll" total="1" errors="0" failures="0" not-run="0" inconclusive="0" ignored="0" skipped="0" invalid="0" date="2014-05-22" time="11:51:49">
  <environment nunit-version="2.6.3.13283" clr-version="2.0.50727.5472" os-version="Microsoft Windows NT 6.1.7601 Service Pack 1" platform="Win32NT" cwd="C:\Program Files (x86)\NUnit 2.6.3\bin" machine-name="KATYUSHINA" user="a.katyushin" user-domain="ITRANSITION" />
  <culture-info current-culture="ru-RU" current-uiculture="ru-RU" />
  <test-suite type="Assembly" name="C:\C++\TestBuyincoins\TestBuyincoins\bin\Debug\TestBuyincoins.dll" executed="True" result="Success" success="True" time="46.259" asserts="0">
    <results>
      <test-suite type="Namespace" name="TestBuyincoins" executed="True" result="Success" success="True" time="46.259" asserts="0">
        <results>
          <test-suite type="Namespace" name="Test" executed="True" result="Success" success="True" time="46.258" asserts="0">
            <results>
              <test-suite type="TestFixture" name="TestBuyincoins" executed="True" result="Success" success="True" time="46.257" asserts="0">
                <results>
                  <test-case name="TestBuyincoins.Test.TestBuyincoins.PayPal" executed="True" result="Success" success="True" time="46.256" asserts="1" />
                </results>
              </test-suite>
            </results>
          </test-suite>
        </results>
      </test-suite>
    </results>
  </test-suite>
</test-results>